<?xml version="1.0" encoding="UTF-8"?>
<!-- Generated by org.testng.reporters.JUnitXMLReporter -->
<testsuite ignored="3" hostname="DESKTOP-M4GRLMR" failures="0" tests="1" name="Default test" time="13.508" errors="0" timestamp="2023-12-16T19:13:20 EET">
  <testcase classname="appiumTestcases.myTestCases" name="clickonevenNumbers" time="13.486"/>
  <testcase classname="appiumTestcases.myTestCases" name="multiplyFunction" time="0.0">
    <ignored/>
  </testcase> <!-- multiplyFunction -->
  <testcase classname="appiumTestcases.myTestCases" name="myTest" time="0.0">
    <ignored/>
  </testcase> <!-- myTest -->
  <testcase classname="appiumTestcases.myTestCases" name="ClickOnAllnumbers" time="0.0">
    <ignored/>
  </testcase> <!-- ClickOnAllnumbers -->
</testsuite> <!-- Default test -->
